{"uuid":"b0fc12ba-7990-42e7-ad5b-c5939f994177","historyId":"3272451b2caf5b2bc92a4f453e37a4ae","fullName":"org.selenium.pom.tests.OnewayDirectTestCase.onewayDirectCompleteSanityTest","labels":[{"name":"package","value":"org.selenium.pom.tests.OnewayDirectTestCase"},{"name":"testClass","value":"org.selenium.pom.tests.OnewayDirectTestCase"},{"name":"testMethod","value":"onewayDirectCompleteSanityTest"},{"name":"parentSuite","value":"QA_Suite"},{"name":"suite","value":"Chrome"},{"name":"subSuite","value":"org.selenium.pom.tests.OnewayDirectTestCase"},{"name":"host","value":"LAPTOP-AJOTTULQ"},{"name":"thread","value":"20616@LAPTOP-AJOTTULQ.TestNG-test=Chrome-1(18)"},{"name":"framework","value":"testng"},{"name":"language","value":"java"},{"name":"story","value":"complete sanity of oneway direct booking"},{"name":"epic","value":"Complete Sanity of Oneway Direct Booking"},{"name":"feature","value":"Bookings, Oneway Direct"}],"links":[{"name":"no issue in this test case","url":"https://staging.technogramsolutions.com/issue/no issue in this test case","type":"issue"},{"name":"Technogram","url":"https://staging.technogramsolutions.com/mylink/Technogram","type":"mylink"},{"name":"https://QA.technogramsolutions.com","type":"custom"},{"name":"not available","url":"https://staging.technogramsolutions.com/tms/not available","type":"tms"}],"name":"onewayDirectCompleteSanityTest","status":"broken","statusDetails":{"known":false,"muted":false,"flaky":false,"message":"Expected condition failed: waiting for element to be clickable: By.xpath: //ul//li//a[@class='stop-flights' and  text() = \"0\"] (tried for 40 second(s) with 500 milliseconds interval)\nBuild info: version: '4.0.0', revision: '3a21814679'\nSystem info: host: 'LAPTOP-AJOTTULQ', ip: '192.168.0.92', os.name: 'Windows 10', os.arch: 'amd64', os.version: '10.0', java.version: '16.0.2'\nDriver info: org.openqa.selenium.chrome.ChromeDriver\nCapabilities {acceptInsecureCerts: false, browserName: chrome, browserVersion: 110.0.5481.178, chrome: {chromedriverVersion: 110.0.5481.77 (65ed616c6e8e..., userDataDir: C:\\Users\\hp\\AppData\\Local\\T...}, goog:chromeOptions: {debuggerAddress: localhost:52540}, javascriptEnabled: true, networkConnectionEnabled: false, pageLoadStrategy: normal, platform: WINDOWS, platformName: WINDOWS, proxy: Proxy(), se:cdp: ws://localhost:52540/devtoo..., se:cdpVersion: 110.0.5481.178, setWindowRect: true, strictFileInteractability: false, timeouts: {implicit: 0, pageLoad: 300000, script: 30000}, unhandledPromptBehavior: dismiss and notify, webauthn:extension:credBlob: true, webauthn:extension:largeBlob: true, webauthn:virtualAuthenticators: true}\nSession ID: 7111e412e928c3c6b8ad2f02df268dc4","trace":"org.openqa.selenium.TimeoutException: Expected condition failed: waiting for element to be clickable: By.xpath: //ul//li//a[@class='stop-flights' and  text() = \"0\"] (tried for 40 second(s) with 500 milliseconds interval)\nBuild info: version: '4.0.0', revision: '3a21814679'\nSystem info: host: 'LAPTOP-AJOTTULQ', ip: '192.168.0.92', os.name: 'Windows 10', os.arch: 'amd64', os.version: '10.0', java.version: '16.0.2'\nDriver info: org.openqa.selenium.chrome.ChromeDriver\nCapabilities {acceptInsecureCerts: false, browserName: chrome, browserVersion: 110.0.5481.178, chrome: {chromedriverVersion: 110.0.5481.77 (65ed616c6e8e..., userDataDir: C:\\Users\\hp\\AppData\\Local\\T...}, goog:chromeOptions: {debuggerAddress: localhost:52540}, javascriptEnabled: true, networkConnectionEnabled: false, pageLoadStrategy: normal, platform: WINDOWS, platformName: WINDOWS, proxy: Proxy(), se:cdp: ws://localhost:52540/devtoo..., se:cdpVersion: 110.0.5481.178, setWindowRect: true, strictFileInteractability: false, timeouts: {implicit: 0, pageLoad: 300000, script: 30000}, unhandledPromptBehavior: dismiss and notify, webauthn:extension:credBlob: true, webauthn:extension:largeBlob: true, webauthn:virtualAuthenticators: true}\nSession ID: 7111e412e928c3c6b8ad2f02df268dc4\r\n\tat org.openqa.selenium.support.ui.WebDriverWait.timeoutException(WebDriverWait.java:138)\r\n\tat org.openqa.selenium.support.ui.FluentWait.until(FluentWait.java:231)\r\n\tat org.selenium.pom.base.BasePage.wetForElementTOClicable(BasePage.java:34)\r\n\tat org.selenium.pom.pages.SearchResultPage.clickOnStopZero(SearchResultPage.java:59)\r\n\tat org.selenium.pom.tests.OnewayDirectTestCase.onewayDirectCompleteSanityTest(OnewayDirectTestCase.java:59)\r\n\tat java.base/jdk.internal.reflect.NativeMethodAccessorImpl.invoke0(Native Method)\r\n\tat java.base/jdk.internal.reflect.NativeMethodAccessorImpl.invoke(NativeMethodAccessorImpl.java:78)\r\n\tat java.base/jdk.internal.reflect.DelegatingMethodAccessorImpl.invoke(DelegatingMethodAccessorImpl.java:43)\r\n\tat java.base/java.lang.reflect.Method.invoke(Method.java:567)\r\n\tat org.testng.internal.MethodInvocationHelper.invokeMethod(MethodInvocationHelper.java:132)\r\n\tat org.testng.internal.TestInvoker.invokeMethod(TestInvoker.java:599)\r\n\tat org.testng.internal.TestInvoker.invokeTestMethod(TestInvoker.java:174)\r\n\tat org.testng.internal.MethodRunner.runInSequence(MethodRunner.java:46)\r\n\tat org.testng.internal.TestInvoker$MethodInvocationAgent.invoke(TestInvoker.java:822)\r\n\tat org.testng.internal.TestInvoker.invokeTestMethods(TestInvoker.java:147)\r\n\tat org.testng.internal.TestMethodWorker.invokeTestMethods(TestMethodWorker.java:146)\r\n\tat org.testng.internal.TestMethodWorker.run(TestMethodWorker.java:128)\r\n\tat java.base/java.util.concurrent.ThreadPoolExecutor.runWorker(ThreadPoolExecutor.java:1130)\r\n\tat java.base/java.util.concurrent.ThreadPoolExecutor$Worker.run(ThreadPoolExecutor.java:630)\r\n\tat java.base/java.lang.Thread.run(Thread.java:831)\r\n"},"stage":"finished","description":"Checking each and every module till booking status success","steps":[{"name":"load","status":"passed","stage":"finished","steps":[],"attachments":[],"parameters":[],"start":1677749231291,"stop":1677749235449},{"name":"login","status":"passed","stage":"finished","steps":[{"name":"enterUserName","status":"passed","stage":"finished","steps":[],"attachments":[],"parameters":[{"name":"username","value":"amit.kumar@technogramsolutions.com"}],"start":1677749235459,"stop":1677749235609},{"name":"enterPassword","status":"passed","stage":"finished","steps":[],"attachments":[],"parameters":[{"name":"password","value":"123456"}],"start":1677749235617,"stop":1677749235739},{"name":"clickOnLoginButton","status":"passed","stage":"finished","steps":[],"attachments":[],"parameters":[],"start":1677749235739,"stop":1677749235841}],"attachments":[],"parameters":[{"name":"user","value":"org.selenium.pom.objects.User@18520b18"}],"start":1677749235459,"stop":1677749235841},{"name":"isLoaded","status":"passed","stage":"finished","steps":[],"attachments":[],"parameters":[],"start":1677749235842,"stop":1677749238344},{"name":"enterUserId","status":"passed","stage":"finished","steps":[],"attachments":[],"parameters":[{"name":"userid","value":"599963"}],"start":1677749238344,"stop":1677749240336},{"name":"clickOnUserSearchBtn","status":"passed","stage":"finished","steps":[],"attachments":[],"parameters":[],"start":1677749240336,"stop":1677749240492},{"name":"clickOnEmulateUser","status":"passed","stage":"finished","steps":[],"attachments":[],"parameters":[],"start":1677749240493,"stop":1677749246603},{"name":"enterSource","status":"passed","stage":"finished","steps":[],"attachments":[],"parameters":[{"name":"sourceName","value":"del"}],"start":1677749246604,"stop":1677749247518},{"name":"enterDestination","status":"passed","stage":"finished","steps":[],"attachments":[],"parameters":[{"name":"destinationName","value":"blr"}],"start":1677749247518,"stop":1677749248336},{"name":"selectOnwardsDate","status":"passed","stage":"finished","steps":[],"attachments":[],"parameters":[{"name":"date","value":"15"},{"name":"MonthYear","value":"August 2023"}],"start":1677749248336,"stop":1677749250132},{"name":"selectPreferredAirline","status":"passed","stage":"finished","steps":[],"attachments":[],"parameters":[{"name":"airline","value":"6e"}],"start":1677749250132,"stop":1677749251248},{"name":"selectPaxWithAdultsChildsInfant","status":"passed","stage":"finished","steps":[],"attachments":[],"parameters":[{"name":"adults","value":"1"},{"name":"child","value":"1"},{"name":"infants","value":"1"}],"start":1677749251248,"stop":1677749252501},{"name":"clickOnSearchBtn","status":"passed","stage":"finished","steps":[],"attachments":[],"parameters":[],"start":1677749252501,"stop":1677749252579},{"name":"searchBySourceId","status":"passed","stage":"finished","steps":[],"attachments":[],"parameters":[{"name":"sId","value":"&sId=5"}],"start":1677749258581,"stop":1677749261086},{"name":"clickOnStopZero","status":"broken","statusDetails":{"known":false,"muted":false,"flaky":false,"message":"Expected condition failed: waiting for element to be clickable: By.xpath: //ul//li//a[@class='stop-flights' and  text() = \"0\"] (tried for 40 second(s) with 500 milliseconds interval)\nBuild info: version: '4.0.0', revision: '3a21814679'\nSystem info: host: 'LAPTOP-AJOTTULQ', ip: '192.168.0.92', os.name: 'Windows 10', os.arch: 'amd64', os.version: '10.0', java.version: '16.0.2'\nDriver info: org.openqa.selenium.chrome.ChromeDriver\nCapabilities {acceptInsecureCerts: false, browserName: chrome, browserVersion: 110.0.5481.178, chrome: {chromedriverVersion: 110.0.5481.77 (65ed616c6e8e..., userDataDir: C:\\Users\\hp\\AppData\\Local\\T...}, goog:chromeOptions: {debuggerAddress: localhost:52540}, javascriptEnabled: true, networkConnectionEnabled: false, pageLoadStrategy: normal, platform: WINDOWS, platformName: WINDOWS, proxy: Proxy(), se:cdp: ws://localhost:52540/devtoo..., se:cdpVersion: 110.0.5481.178, setWindowRect: true, strictFileInteractability: false, timeouts: {implicit: 0, pageLoad: 300000, script: 30000}, unhandledPromptBehavior: dismiss and notify, webauthn:extension:credBlob: true, webauthn:extension:largeBlob: true, webauthn:virtualAuthenticators: true}\nSession ID: 7111e412e928c3c6b8ad2f02df268dc4","trace":"org.openqa.selenium.TimeoutException: Expected condition failed: waiting for element to be clickable: By.xpath: //ul//li//a[@class='stop-flights' and  text() = \"0\"] (tried for 40 second(s) with 500 milliseconds interval)\nBuild info: version: '4.0.0', revision: '3a21814679'\nSystem info: host: 'LAPTOP-AJOTTULQ', ip: '192.168.0.92', os.name: 'Windows 10', os.arch: 'amd64', os.version: '10.0', java.version: '16.0.2'\nDriver info: org.openqa.selenium.chrome.ChromeDriver\nCapabilities {acceptInsecureCerts: false, browserName: chrome, browserVersion: 110.0.5481.178, chrome: {chromedriverVersion: 110.0.5481.77 (65ed616c6e8e..., userDataDir: C:\\Users\\hp\\AppData\\Local\\T...}, goog:chromeOptions: {debuggerAddress: localhost:52540}, javascriptEnabled: true, networkConnectionEnabled: false, pageLoadStrategy: normal, platform: WINDOWS, platformName: WINDOWS, proxy: Proxy(), se:cdp: ws://localhost:52540/devtoo..., se:cdpVersion: 110.0.5481.178, setWindowRect: true, strictFileInteractability: false, timeouts: {implicit: 0, pageLoad: 300000, script: 30000}, unhandledPromptBehavior: dismiss and notify, webauthn:extension:credBlob: true, webauthn:extension:largeBlob: true, webauthn:virtualAuthenticators: true}\nSession ID: 7111e412e928c3c6b8ad2f02df268dc4\r\n\tat org.openqa.selenium.support.ui.WebDriverWait.timeoutException(WebDriverWait.java:138)\r\n\tat org.openqa.selenium.support.ui.FluentWait.until(FluentWait.java:231)\r\n\tat org.selenium.pom.base.BasePage.wetForElementTOClicable(BasePage.java:34)\r\n\tat org.selenium.pom.pages.SearchResultPage.clickOnStopZero(SearchResultPage.java:59)\r\n\tat org.selenium.pom.tests.OnewayDirectTestCase.onewayDirectCompleteSanityTest(OnewayDirectTestCase.java:59)\r\n\tat java.base/jdk.internal.reflect.NativeMethodAccessorImpl.invoke0(Native Method)\r\n\tat java.base/jdk.internal.reflect.NativeMethodAccessorImpl.invoke(NativeMethodAccessorImpl.java:78)\r\n\tat java.base/jdk.internal.reflect.DelegatingMethodAccessorImpl.invoke(DelegatingMethodAccessorImpl.java:43)\r\n\tat java.base/java.lang.reflect.Method.invoke(Method.java:567)\r\n\tat org.testng.internal.MethodInvocationHelper.invokeMethod(MethodInvocationHelper.java:132)\r\n\tat org.testng.internal.TestInvoker.invokeMethod(TestInvoker.java:599)\r\n\tat org.testng.internal.TestInvoker.invokeTestMethod(TestInvoker.java:174)\r\n\tat org.testng.internal.MethodRunner.runInSequence(MethodRunner.java:46)\r\n\tat org.testng.internal.TestInvoker$MethodInvocationAgent.invoke(TestInvoker.java:822)\r\n\tat org.testng.internal.TestInvoker.invokeTestMethods(TestInvoker.java:147)\r\n\tat org.testng.internal.TestMethodWorker.invokeTestMethods(TestMethodWorker.java:146)\r\n\tat org.testng.internal.TestMethodWorker.run(TestMethodWorker.java:128)\r\n\tat java.base/java.util.concurrent.ThreadPoolExecutor.runWorker(ThreadPoolExecutor.java:1130)\r\n\tat java.base/java.util.concurrent.ThreadPoolExecutor$Worker.run(ThreadPoolExecutor.java:630)\r\n\tat java.base/java.lang.Thread.run(Thread.java:831)\r\n"},"stage":"finished","steps":[],"attachments":[],"parameters":[],"start":1677749273102,"stop":1677749313572}],"attachments":[],"parameters":[{"name":"browser","value":"CHROME"},{"name":"arg0","value":"org.selenium.pom.objects.OnewayDirectDataObject@10ccaebf"}],"start":1677749231202,"stop":1677749313588}