<!DOCTYPE html>

<html>
  <head>
  <meta charset='utf-8'>
  <title>TestNG reports</title>

    <link type="text/css" href="testng-reports1.css" rel="stylesheet" id="ultra" />
    <link type="text/css" href="testng-reports.css" rel="stylesheet" id="retro" disabled="false"/>
    <script type="text/javascript" src="jquery-3.4.1.min.js"></script>
    <script type="text/javascript" src="testng-reports.js"></script>
    <script type="text/javascript" src="https://www.google.com/jsapi"></script>
    <script type='text/javascript'>
      google.load('visualization', '1', {packages:['table']});
      google.setOnLoadCallback(drawTable);
      var suiteTableInitFunctions = new Array();
      var suiteTableData = new Array();
    </script>
    <!--
      <script type="text/javascript" src="jquery-ui/js/jquery-ui-1.8.16.custom.min.js"></script>
     -->
  </head>

  <body>
    <div class="top-banner-root">
      <span class="top-banner-title-font">Test results</span>
      <button id="button" class="button">Switch Retro Theme</button> <!-- button -->
      <br/>
      <span class="top-banner-font-1">1 suite, 2 failed tests</span>
    </div> <!-- top-banner-root -->
    <div class="navigator-root">
      <div class="navigator-suite-header">
        <span>All suites</span>
        <a href="#" title="Collapse/expand all the suites" class="collapse-all-link">
          <img src="collapseall.gif" class="collapse-all-icon">
          </img> <!-- collapse-all-icon -->
        </a> <!-- collapse-all-link -->
      </div> <!-- navigator-suite-header -->
      <div class="suite">
        <div class="rounded-window">
          <div class="suite-header light-rounded-window-top">
            <a href="#" panel-name="suite-QA_Suite" class="navigator-link">
              <span class="suite-name border-failed">QA_Suite</span>
            </a> <!-- navigator-link -->
          </div> <!-- suite-header light-rounded-window-top -->
          <div class="navigator-suite-content">
            <div class="suite-section-title">
              <span>Info</span>
            </div> <!-- suite-section-title -->
            <div class="suite-section-content">
              <ul>
                <li>
                  <a href="#" panel-name="test-xml-QA_Suite" class="navigator-link ">
                    <span>C:\MyProject\MasterSeleniumFramework\testng.xml</span>
                  </a> <!-- navigator-link  -->
                </li>
                <li>
                  <a href="#" panel-name="testlist-QA_Suite" class="navigator-link ">
                    <span class="test-stats">1 test</span>
                  </a> <!-- navigator-link  -->
                </li>
                <li>
                  <a href="#" panel-name="group-QA_Suite" class="navigator-link ">
                    <span>0 groups</span>
                  </a> <!-- navigator-link  -->
                </li>
                <li>
                  <a href="#" panel-name="times-QA_Suite" class="navigator-link ">
                    <span>Times</span>
                  </a> <!-- navigator-link  -->
                </li>
                <li>
                  <a href="#" panel-name="reporter-QA_Suite" class="navigator-link ">
                    <span>Reporter output</span>
                  </a> <!-- navigator-link  -->
                </li>
                <li>
                  <a href="#" panel-name="ignored-methods-QA_Suite" class="navigator-link ">
                    <span>Ignored methods</span>
                  </a> <!-- navigator-link  -->
                </li>
                <li>
                  <a href="#" panel-name="chronological-QA_Suite" class="navigator-link ">
                    <span>Chronological view</span>
                  </a> <!-- navigator-link  -->
                </li>
              </ul>
            </div> <!-- suite-section-content -->
            <div class="result-section">
              <div class="suite-section-title">
                <span>Results</span>
              </div> <!-- suite-section-title -->
              <div class="suite-section-content">
                <ul>
                  <li>
                    <span class="method-stats">2 methods, 2 failed,   </span>
                  </li>
                  <li>
                    <span class="method-list-title failed">Failed methods</span>
                    <span class="show-or-hide-methods failed">
                      <a href="#" panel-name="suite-QA_Suite" class="hide-methods failed suite-QA_Suite"> (hide)</a> <!-- hide-methods failed suite-QA_Suite -->
                      <a href="#" panel-name="suite-QA_Suite" class="show-methods failed suite-QA_Suite"> (show)</a> <!-- show-methods failed suite-QA_Suite -->
                    </span>
                    <div class="method-list-content failed suite-QA_Suite">
                      <span>
                        <img src="failed.png" width="3%"/>
                        <a href="#" panel-name="suite-QA_Suite" title="org.selenium.pom.tests.OnewayDirectTestCase" class="method navigator-link" hash-for-method="onewayDirectCompleteSanityTest(org.selenium.pom.objects.OnewayDirectDataObject@10ccaebf)">onewayDirectCompleteSanityTest(org.selenium.pom.objects.OnewayDirectDataObject@10ccaebf)</a> <!-- method navigator-link -->
                      </span>
                      <br/>
                      <span>
                        <img src="failed.png" width="3%"/>
                        <a href="#" panel-name="suite-QA_Suite" title="org.selenium.pom.tests.OnewayDirectTestCase" class="method navigator-link" hash-for-method="onewayDirectCompleteSanityTest(org.selenium.pom.objects.OnewayDirectDataObject@58a32671)">onewayDirectCompleteSanityTest(org.selenium.pom.objects.OnewayDirectDataObject@58a32671)</a> <!-- method navigator-link -->
                      </span>
                      <br/>
                    </div> <!-- method-list-content failed suite-QA_Suite -->
                  </li>
                </ul>
              </div> <!-- suite-section-content -->
            </div> <!-- result-section -->
          </div> <!-- navigator-suite-content -->
        </div> <!-- rounded-window -->
      </div> <!-- suite -->
    </div> <!-- navigator-root -->
    <div class="wrapper">
      <div class="main-panel-root">
        <div panel-name="suite-QA_Suite" class="panel QA_Suite">
          <div class="suite-QA_Suite-class-failed">
            <div class="main-panel-header rounded-window-top">
              <img src="failed.png"/>
              <span class="class-name">org.selenium.pom.tests.OnewayDirectTestCase</span>
            </div> <!-- main-panel-header rounded-window-top -->
            <div class="main-panel-content rounded-window-bottom">
              <div class="method">
                <div class="method-content">
                  <a name="onewayDirectCompleteSanityTest(org.selenium.pom.objects.OnewayDirectDataObject@10ccaebf)">
                  </a> <!-- onewayDirectCompleteSanityTest(org.selenium.pom.objects.OnewayDirectDataObject@10ccaebf) -->
                  <span class="method-name">onewayDirectCompleteSanityTest</span>
                  <span class="parameters">(org.selenium.pom.objects.OnewayDirectDataObject@10ccaebf)</span>
                  <div class="stack-trace">org.openqa.selenium.TimeoutException: Expected condition failed: waiting for element to be clickable: By.xpath: //ul//li//a[@class=&apos;stop-flights&apos; and  text() = &quot;0&quot;] (tried for 40 second(s) with 500 milliseconds interval)
Build info: version: &apos;4.0.0&apos;, revision: &apos;3a21814679&apos;
System info: host: &apos;LAPTOP-AJOTTULQ&apos;, ip: &apos;192.168.0.92&apos;, os.name: &apos;Windows 10&apos;, os.arch: &apos;amd64&apos;, os.version: &apos;10.0&apos;, java.version: &apos;16.0.2&apos;
Driver info: org.openqa.selenium.chrome.ChromeDriver
Capabilities {acceptInsecureCerts: false, browserName: chrome, browserVersion: 110.0.5481.178, chrome: {chromedriverVersion: 110.0.5481.77 (65ed616c6e8e..., userDataDir: C:\Users\hp\AppData\Local\T...}, goog:chromeOptions: {debuggerAddress: localhost:52540}, javascriptEnabled: true, networkConnectionEnabled: false, pageLoadStrategy: normal, platform: WINDOWS, platformName: WINDOWS, proxy: Proxy(), se:cdp: ws://localhost:52540/devtoo..., se:cdpVersion: 110.0.5481.178, setWindowRect: true, strictFileInteractability: false, timeouts: {implicit: 0, pageLoad: 300000, script: 30000}, unhandledPromptBehavior: dismiss and notify, webauthn:extension:credBlob: true, webauthn:extension:largeBlob: true, webauthn:virtualAuthenticators: true}
Session ID: 7111e412e928c3c6b8ad2f02df268dc4
	at org.openqa.selenium.support.ui.WebDriverWait.timeoutException(WebDriverWait.java:138)
	at org.openqa.selenium.support.ui.FluentWait.until(FluentWait.java:231)
	at org.selenium.pom.base.BasePage.wetForElementTOClicable(BasePage.java:34)
	at org.selenium.pom.pages.SearchResultPage.clickOnStopZero(SearchResultPage.java:59)
	at org.selenium.pom.tests.OnewayDirectTestCase.onewayDirectCompleteSanityTest(OnewayDirectTestCase.java:59)
	at java.base/java.util.concurrent.ThreadPoolExecutor.runWorker(ThreadPoolExecutor.java:1130)
	at java.base/java.util.concurrent.ThreadPoolExecutor$Worker.run(ThreadPoolExecutor.java:630)
	at java.base/java.lang.Thread.run(Thread.java:831)
... Removed 12 stack frames
</div> <!-- stack-trace -->
                </div> <!-- method-content -->
              </div> <!-- method -->
              <div class="method">
                <div class="method-content">
                  <a name="onewayDirectCompleteSanityTest(org.selenium.pom.objects.OnewayDirectDataObject@58a32671)">
                  </a> <!-- onewayDirectCompleteSanityTest(org.selenium.pom.objects.OnewayDirectDataObject@58a32671) -->
                  <span class="method-name">onewayDirectCompleteSanityTest</span>
                  <span class="parameters">(org.selenium.pom.objects.OnewayDirectDataObject@58a32671)</span>
                  <div class="stack-trace">org.openqa.selenium.TimeoutException: Expected condition failed: waiting for url to contain &quot;/manage-user&quot;. Current url: &quot;https://qa.technogramsolutions.com/nav/&quot; (tried for 40 second(s) with 500 milliseconds interval)
	at org.openqa.selenium.support.ui.WebDriverWait.timeoutException(WebDriverWait.java:138)
	at org.openqa.selenium.support.ui.FluentWait.until(FluentWait.java:231)
	at org.selenium.pom.pages.DashboardPage.isLoaded(DashboardPage.java:38)
	at org.selenium.pom.tests.OnewayDirectTestCase.onewayDirectCompleteSanityTest(OnewayDirectTestCase.java:46)
	at java.base/java.util.concurrent.ThreadPoolExecutor.runWorker(ThreadPoolExecutor.java:1130)
	at java.base/java.util.concurrent.ThreadPoolExecutor$Worker.run(ThreadPoolExecutor.java:630)
	at java.base/java.lang.Thread.run(Thread.java:831)
Caused by: org.openqa.selenium.NoSuchWindowException: no such window: target window already closed
from unknown error: web view not found
  (Session info: chrome=110.0.5481.178)
Build info: version: &apos;4.0.0&apos;, revision: &apos;3a21814679&apos;
System info: host: &apos;LAPTOP-AJOTTULQ&apos;, ip: &apos;192.168.0.92&apos;, os.name: &apos;Windows 10&apos;, os.arch: &apos;amd64&apos;, os.version: &apos;10.0&apos;, java.version: &apos;16.0.2&apos;
Driver info: org.openqa.selenium.chrome.ChromeDriver
Command: [1af6b75b5ab3f3890da6e3f0fc8b2104, getCurrentUrl {}]
Capabilities {acceptInsecureCerts: false, browserName: chrome, browserVersion: 110.0.5481.178, chrome: {chromedriverVersion: 110.0.5481.77 (65ed616c6e8e..., userDataDir: C:\Users\hp\AppData\Local\T...}, goog:chromeOptions: {debuggerAddress: localhost:53054}, javascriptEnabled: true, networkConnectionEnabled: false, pageLoadStrategy: normal, platform: WINDOWS, platformName: WINDOWS, proxy: Proxy(), se:cdp: ws://localhost:53054/devtoo..., se:cdpVersion: 110.0.5481.178, setWindowRect: true, strictFileInteractability: false, timeouts: {implicit: 0, pageLoad: 300000, script: 30000}, unhandledPromptBehavior: dismiss and notify, webauthn:extension:credBlob: true, webauthn:extension:largeBlob: true, webauthn:virtualAuthenticators: true}
Session ID: 1af6b75b5ab3f3890da6e3f0fc8b2104
	at org.openqa.selenium.remote.codec.w3c.W3CHttpResponseCodec.createException(W3CHttpResponseCodec.java:200)
	at org.openqa.selenium.remote.codec.w3c.W3CHttpResponseCodec.decode(W3CHttpResponseCodec.java:133)
	at org.openqa.selenium.remote.codec.w3c.W3CHttpResponseCodec.decode(W3CHttpResponseCodec.java:53)
	at org.openqa.selenium.remote.HttpCommandExecutor.execute(HttpCommandExecutor.java:184)
	at org.openqa.selenium.remote.service.DriverCommandExecutor.invokeExecute(DriverCommandExecutor.java:164)
	at org.openqa.selenium.remote.service.DriverCommandExecutor.execute(DriverCommandExecutor.java:139)
	at org.openqa.selenium.remote.RemoteWebDriver.execute(RemoteWebDriver.java:559)
	at org.openqa.selenium.remote.RemoteWebDriver.execute(RemoteWebDriver.java:614)
	at org.openqa.selenium.remote.RemoteWebDriver.execute(RemoteWebDriver.java:618)
	at org.openqa.selenium.remote.RemoteWebDriver.getCurrentUrl(RemoteWebDriver.java:340)
	at org.openqa.selenium.support.ui.ExpectedConditions$4.apply(ExpectedConditions.java:127)
	at org.openqa.selenium.support.ui.ExpectedConditions$4.apply(ExpectedConditions.java:122)
	at org.openqa.selenium.support.ui.FluentWait.until(FluentWait.java:208)
	... 17 more
... Removed 16 stack frames
</div> <!-- stack-trace -->
                </div> <!-- method-content -->
              </div> <!-- method -->
            </div> <!-- main-panel-content rounded-window-bottom -->
          </div> <!-- suite-QA_Suite-class-failed -->
        </div> <!-- panel QA_Suite -->
        <div panel-name="test-xml-QA_Suite" class="panel">
          <div class="main-panel-header rounded-window-top">
            <span class="header-content">C:\MyProject\MasterSeleniumFramework\testng.xml</span>
          </div> <!-- main-panel-header rounded-window-top -->
          <div class="main-panel-content rounded-window-bottom">
            <pre>
&lt;?xml version=&quot;1.0&quot; encoding=&quot;UTF-8&quot;?&gt;
&lt;!DOCTYPE suite SYSTEM &quot;https://testng.org/testng-1.0.dtd&quot;&gt;
&lt;suite thread-count=&quot;2&quot; parallel=&quot;tests&quot; name=&quot;QA_Suite&quot; guice-stage=&quot;DEVELOPMENT&quot; verbose=&quot;0&quot;&gt;
  &lt;test thread-count=&quot;2&quot; parallel=&quot;classes&quot; name=&quot;Chrome&quot; verbose=&quot;0&quot;&gt;
    &lt;parameter name=&quot;browser&quot; value=&quot;CHROME&quot;/&gt;
    &lt;classes&gt;
      &lt;class name=&quot;org.selenium.pom.tests.OnewayDirectTestCase&quot;/&gt;
    &lt;/classes&gt;
  &lt;/test&gt; &lt;!-- Chrome --&gt;
&lt;/suite&gt; &lt;!-- QA_Suite --&gt;
            </pre>
          </div> <!-- main-panel-content rounded-window-bottom -->
        </div> <!-- panel -->
        <div panel-name="testlist-QA_Suite" class="panel">
          <div class="main-panel-header rounded-window-top">
            <span class="header-content">Tests for QA_Suite</span>
          </div> <!-- main-panel-header rounded-window-top -->
          <div class="main-panel-content rounded-window-bottom">
            <ul>
              <li>
                <span class="test-name">Chrome (1 class)</span>
              </li>
            </ul>
          </div> <!-- main-panel-content rounded-window-bottom -->
        </div> <!-- panel -->
        <div panel-name="group-QA_Suite" class="panel">
          <div class="main-panel-header rounded-window-top">
            <span class="header-content">Groups for QA_Suite</span>
          </div> <!-- main-panel-header rounded-window-top -->
          <div class="main-panel-content rounded-window-bottom">
          </div> <!-- main-panel-content rounded-window-bottom -->
        </div> <!-- panel -->
        <div panel-name="times-QA_Suite" class="panel">
          <div class="main-panel-header rounded-window-top">
            <span class="header-content">Times for QA_Suite</span>
          </div> <!-- main-panel-header rounded-window-top -->
          <div class="main-panel-content rounded-window-bottom">
            <div class="times-div">
              <script type="text/javascript">
suiteTableInitFunctions.push('tableData_QA_Suite');
function tableData_QA_Suite() {
var data = new google.visualization.DataTable();
data.addColumn('number', 'Number');
data.addColumn('string', 'Method');
data.addColumn('string', 'Class');
data.addColumn('number', 'Time (ms)');
data.addRows(2);
data.setCell(0, 0, 0)
data.setCell(0, 1, 'onewayDirectCompleteSanityTest')
data.setCell(0, 2, 'org.selenium.pom.tests.OnewayDirectTestCase')
data.setCell(0, 3, 130736);
data.setCell(1, 0, 1)
data.setCell(1, 1, 'onewayDirectCompleteSanityTest')
data.setCell(1, 2, 'org.selenium.pom.tests.OnewayDirectTestCase')
data.setCell(1, 3, 82675);
window.suiteTableData['QA_Suite']= { tableData: data, tableDiv: 'times-div-QA_Suite'}
return data;
}
              </script>
              <span class="suite-total-time">Total running time: 3 minutes</span>
              <div id="times-div-QA_Suite">
              </div> <!-- times-div-QA_Suite -->
            </div> <!-- times-div -->
          </div> <!-- main-panel-content rounded-window-bottom -->
        </div> <!-- panel -->
        <div panel-name="reporter-QA_Suite" class="panel">
          <div class="main-panel-header rounded-window-top">
            <span class="header-content">Reporter output for QA_Suite</span>
          </div> <!-- main-panel-header rounded-window-top -->
          <div class="main-panel-content rounded-window-bottom">
          </div> <!-- main-panel-content rounded-window-bottom -->
        </div> <!-- panel -->
        <div panel-name="ignored-methods-QA_Suite" class="panel">
          <div class="main-panel-header rounded-window-top">
            <span class="header-content">0 ignored methods</span>
          </div> <!-- main-panel-header rounded-window-top -->
          <div class="main-panel-content rounded-window-bottom">
          </div> <!-- main-panel-content rounded-window-bottom -->
        </div> <!-- panel -->
        <div panel-name="chronological-QA_Suite" class="panel">
          <div class="main-panel-header rounded-window-top">
            <span class="header-content">Methods in chronological order</span>
          </div> <!-- main-panel-header rounded-window-top -->
          <div class="main-panel-content rounded-window-bottom">
            <div class="chronological-class">
              <div class="chronological-class-name">org.selenium.pom.tests.OnewayDirectTestCase</div> <!-- chronological-class-name -->
              <div class="configuration-method before">
                <span class="method-name">startDriver(CHROME)</span>
                <span class="method-start">0 ms</span>
              </div> <!-- configuration-method before -->
              <div class="test-method">
                <img src="failed.png">
                </img>
                <span class="method-name">onewayDirectCompleteSanityTest(org.selenium.pom.objects.OnewayDirectDataObject@10ccaebf)</span>
                <span class="method-start">7092 ms</span>
              </div> <!-- test-method -->
              <div class="configuration-method after">
                <span class="method-name">quitDriver(CHROME, [TestResult name=onewayDirectCompleteSanityTest status=FAILURE method=OnewayDirectTestCase.o...)</span>
                <span class="method-start">89815 ms</span>
              </div> <!-- configuration-method after -->
              <div class="configuration-method before">
                <span class="method-name">startDriver(CHROME)</span>
                <span class="method-start">90453 ms</span>
              </div> <!-- configuration-method before -->
              <div class="test-method">
                <img src="failed.png">
                </img>
                <span class="method-name">onewayDirectCompleteSanityTest(org.selenium.pom.objects.OnewayDirectDataObject@58a32671)</span>
                <span class="method-start">91620 ms</span>
              </div> <!-- test-method -->
              <div class="configuration-method after">
                <img src="failed.png">
                </img>
                <span class="method-name">quitDriver(CHROME, [TestResult name=onewayDirectCompleteSanityTest status=FAILURE method=OnewayDirectTestCase.o...)</span>
                <span class="method-start">222356 ms</span>
              </div> <!-- configuration-method after -->
          </div> <!-- main-panel-content rounded-window-bottom -->
        </div> <!-- panel -->
      </div> <!-- main-panel-root -->
    </div> <!-- wrapper -->
  </body>
<script type="text/javascript" src="testng-reports2.js"></script>
</html>
